<?xml version="1.0" encoding="UTF-8"?>
<!-- Generated by org.testng.reporters.JUnitReportReporter -->
<testsuite hostname="DESKTOP-ELEGLQT" failures="0" tests="1" name="Dummy.AppTest" time="0.011" errors="0" timestamp="2021-09-23T19:27:05 IST" skipped="0">
  <testcase classname="Dummy.AppTest" name="verify" time="0.011"/>
  <system-out/>
</testsuite> <!-- Dummy.AppTest -->
