<?xml version="1.0" encoding="UTF-8"?>
<!-- Generated by org.testng.reporters.JUnitReportReporter -->
<testsuite hostname="DESKTOP-ELEGLQT" failures="0" tests="1" name="Dummy.AppTest" time="0.009" errors="0" timestamp="2021-09-19T20:04:26 IST" skipped="0">
  <testcase classname="Dummy.AppTest" name="demo" time="0.009"/>
  <system-out/>
</testsuite> <!-- Dummy.AppTest -->
