<?xml version="1.0" encoding="UTF-8"?>
<!-- Generated by org.testng.reporters.JUnitReportReporter -->
<testsuite hostname="DESKTOP-ELEGLQT" failures="0" tests="2" name="Dummy.ExtentReport" time="7.496" errors="0" timestamp="2021-09-06T22:54:24 IST" skipped="0">
  <testcase classname="Dummy.ExtentReport" name="test1" time="6.911"/>
  <system-out/>
  <testcase classname="Dummy.ExtentReport" name="test2" time="0.585"/>
  <system-out/>
</testsuite> <!-- Dummy.ExtentReport -->
