<?xml version="1.0" encoding="UTF-8"?>
<!-- Generated by org.testng.reporters.JUnitReportReporter -->
<testsuite hostname="DESKTOP-ELEGLQT" failures="0" tests="2" name="DemoDataProvider.ExcelDataProvider" time="55.319" errors="0" timestamp="2021-09-18T12:48:42 IST" skipped="0">
  <testcase classname="DemoDataProvider.ExcelDataProvider" name="inputs" time="27.878"/>
  <system-out/>
  <testcase classname="DemoDataProvider.ExcelDataProvider" name="inputs" time="27.441"/>
  <system-out/>
</testsuite> <!-- DemoDataProvider.ExcelDataProvider -->
