<?xml version="1.0" encoding="UTF-8"?>
<!-- Generated by org.testng.reporters.JUnitReportReporter -->
<testsuite hostname="DESKTOP-ELEGLQT" failures="0" tests="1" name="Dummy.AppTest" time="0.005" errors="0" timestamp="2021-09-21T17:12:58 IST" skipped="0">
  <testcase classname="Dummy.AppTest" name="test" time="0.005"/>
  <system-out/>
</testsuite> <!-- Dummy.AppTest -->
